SF:lib/src/open_meteo_api_client.dart
DA:26,2
DA:33,1
DA:34,2
DA:39,2
DA:41,2
DA:42,1
DA:45,2
DA:47,2
DA:49,1
DA:51,2
DA:53,2
DA:57,1
DA:58,2
DA:59,1
DA:60,1
DA:64,2
DA:66,2
DA:67,1
DA:70,2
DA:72,1
DA:73,1
DA:76,1
DA:78,1
DA:82,1
DA:83,2
LF:25
LH:25
end_of_record
SF:lib/src/models/location.dart
DA:12,2
DA:19,4
LF:2
LH:2
end_of_record
SF:lib/src/models/location.g.dart
DA:11,2
DA:12,4
DA:13,2
DA:14,6
DA:15,4
DA:16,6
DA:17,6
LF:7
LH:7
end_of_record
SF:lib/src/models/weather.dart
DA:11,2
DA:13,4
LF:2
LH:2
end_of_record
SF:lib/src/models/weather.g.dart
DA:11,4
DA:14,2
DA:15,2
DA:16,6
DA:17,6
LF:5
LH:5
end_of_record
