SF:lib/search/view/search_page.dart
DA:4,2
DA:6,1
DA:7,2
DA:10,1
DA:11,1
DA:17,3
DA:19,1
DA:21,2
DA:22,1
DA:25,1
DA:27,1
DA:28,1
DA:29,1
DA:30,1
DA:31,1
DA:32,1
DA:34,1
DA:35,1
DA:40,1
DA:43,4
LF:20
LH:20
end_of_record
SF:lib/settings/view/settings_page.dart
DA:6,2
DA:8,1
DA:9,2
DA:12,1
DA:14,1
DA:15,1
DA:16,1
DA:17,1
DA:18,1
DA:19,0
DA:20,1
DA:21,1
DA:25,1
DA:26,2
DA:27,0
LF:15
LH:13
end_of_record
SF:lib/weather/cubit/weather_state.dart
DA:6,0
DA:7,0
DA:8,2
DA:9,0
DA:18,2
DA:22,2
DA:24,4
DA:26,4
DA:28,1
DA:33,1
DA:34,1
DA:35,1
DA:36,1
DA:40,1
DA:41,4
LF:15
LH:12
end_of_record
SF:lib/weather/cubit/weather_cubit.dart
DA:13,6
DA:15,1
DA:16,1
DA:18,3
DA:21,3
DA:22,2
DA:23,1
DA:24,3
DA:25,2
DA:27,1
DA:28,2
DA:31,2
DA:34,1
DA:35,3
DA:39,1
DA:40,3
DA:41,4
DA:43,1
DA:44,5
DA:46,2
DA:47,1
DA:48,3
DA:49,2
DA:51,1
DA:52,2
DA:55,2
DA:58,1
DA:59,2
DA:63,1
DA:64,3
DA:68,3
DA:69,3
DA:73,2
DA:74,2
DA:75,1
DA:76,1
DA:77,2
DA:78,2
DA:79,1
DA:80,2
DA:82,2
DA:88,2
DA:89,2
DA:91,2
DA:92,2
DA:96,4
DA:97,4
LF:47
LH:47
end_of_record
SF:lib/weather/cubit/weather_cubit.g.dart
DA:9,2
DA:10,4
DA:11,2
DA:12,2
DA:14,2
DA:15,2
DA:18,2
DA:20,2
DA:21,2
DA:24,2
DA:26,4
DA:32,2
DA:34,2
DA:35,4
DA:36,4
DA:37,4
LF:16
LH:16
end_of_record
SF:lib/weather/models/weather.dart
DA:11,2
DA:12,4
DA:19,4
DA:21,4
DA:23,4
DA:25,1
DA:26,2
DA:36,2
DA:43,4
DA:45,1
DA:46,1
DA:47,1
DA:48,1
DA:49,1
DA:50,2
DA:54,6
DA:56,2
DA:61,1
DA:62,5
DA:64,4
DA:66,1
DA:72,1
DA:73,1
DA:74,1
DA:75,1
DA:76,0
LF:26
LH:25
end_of_record
SF:lib/weather/models/weather.g.dart
DA:9,2
DA:10,4
DA:11,2
DA:12,6
DA:17,2
DA:18,4
DA:20,2
DA:21,4
DA:22,2
DA:23,2
DA:25,4
DA:27,2
DA:29,4
DA:31,4
DA:32,2
DA:34,4
DA:40,4
DA:41,4
DA:42,4
DA:43,2
DA:44,4
LF:21
LH:21
end_of_record
SF:lib/weather/view/weather_page.dart
DA:10,1
DA:12,1
DA:14,1
DA:16,1
DA:17,1
DA:18,1
DA:20,4
DA:24,1
DA:25,1
DA:26,1
DA:27,1
DA:28,1
DA:29,1
DA:30,1
DA:31,2
DA:32,1
DA:33,1
DA:34,1
DA:35,2
DA:42,1
DA:44,1
DA:45,3
DA:46,1
DA:47,2
LF:24
LH:24
end_of_record
SF:lib/weather/widgets/weather_empty.dart
DA:4,2
DA:6,1
DA:8,1
DA:9,1
DA:11,1
DA:13,3
LF:6
LH:6
end_of_record
SF:lib/weather/widgets/weather_error.dart
DA:4,2
DA:6,1
DA:8,1
DA:9,1
DA:11,1
DA:13,3
LF:6
LH:6
end_of_record
SF:lib/weather/widgets/weather_loading.dart
DA:4,2
DA:6,1
DA:8,1
DA:9,1
DA:11,1
DA:13,3
LF:6
LH:6
end_of_record
SF:lib/weather/widgets/weather_populated.dart
DA:10,1
DA:17,1
DA:19,1
DA:20,1
DA:21,1
DA:22,1
DA:23,1
DA:24,1
DA:25,1
DA:27,1
DA:30,1
DA:32,1
DA:34,3
DA:35,1
DA:36,2
DA:37,3
DA:39,1
DA:40,3
DA:41,3
DA:43,1
DA:44,5
DA:57,1
DA:63,1
DA:65,3
DA:70,1
DA:72,1
DA:74,1
DA:76,1
DA:78,0
DA:80,0
DA:87,1
DA:89,3
DA:90,1
DA:91,1
DA:92,1
DA:93,1
DA:97,4
DA:106,1
DA:107,3
DA:108,1
DA:109,2
DA:110,2
DA:111,2
DA:112,2
DA:113,1
DA:115,4
DA:116,4
DA:117,4
DA:123,1
DA:124,5
LF:50
LH:48
end_of_record
